Сборка начата 04.04.2017 6:55:24.
     1>Проект "z:\документы\visual studio 2010\Projects\circle\circle\circle.vcxproj" в узле 2 (целевые объекты build).
     1>InitializeBuildStatus:
         Обращение к "Debug\circle.unsuccessfulbuild".
       ClCompile:
         C:\Program Files\Microsoft Visual Studio 10.0\VC\bin\CL.exe /c /ZI /nologo /W3 /WX- /Od /Oy- /D _MBCS /Gm /EHsc /RTC1 /MDd /GS /fp:precise /Zc:wchar_t /Zc:forScope /Fo"Debug\\" /Fd"Debug\vc100.pdb" /Gd /TP /analyze- /errorReport:prompt Circle.cpp main.cpp
         Circle.cpp
     1>z:\документы\visual studio 2010\projects\circle\circle\circle.cpp(14): error C2065: с: необъявленный идентификатор
     1>z:\документы\visual studio 2010\projects\circle\circle\circle.cpp(14): error C2227: выражение слева от "->radius" должно указывать на тип класса, структуры или объединения либо на универсальный тип
                 тип: 'unknown-type'
     1>z:\документы\visual studio 2010\projects\circle\circle\circle.cpp(15): error C2065: с: необъявленный идентификатор
     1>z:\документы\visual studio 2010\projects\circle\circle\circle.cpp(15): error C2227: выражение слева от "->ference" должно указывать на тип класса, структуры или объединения либо на универсальный тип
                 тип: 'unknown-type'
     1>z:\документы\visual studio 2010\projects\circle\circle\circle.cpp(16): error C2065: с: необъявленный идентификатор
     1>z:\документы\visual studio 2010\projects\circle\circle\circle.cpp(16): error C2227: выражение слева от "->area" должно указывать на тип класса, структуры или объединения либо на универсальный тип
                 тип: 'unknown-type'
     1>z:\документы\visual studio 2010\projects\circle\circle\circle.cpp(22): error C2065: с: необъявленный идентификатор
     1>z:\документы\visual studio 2010\projects\circle\circle\circle.cpp(22): error C2227: выражение слева от "->ference" должно указывать на тип класса, структуры или объединения либо на универсальный тип
                 тип: 'unknown-type'
     1>z:\документы\visual studio 2010\projects\circle\circle\circle.cpp(23): error C2065: с: необъявленный идентификатор
     1>z:\документы\visual studio 2010\projects\circle\circle\circle.cpp(23): error C2227: выражение слева от "->radius" должно указывать на тип класса, структуры или объединения либо на универсальный тип
                 тип: 'unknown-type'
     1>z:\документы\visual studio 2010\projects\circle\circle\circle.cpp(24): error C2065: с: необъявленный идентификатор
     1>z:\документы\visual studio 2010\projects\circle\circle\circle.cpp(24): error C2227: выражение слева от "->area" должно указывать на тип класса, структуры или объединения либо на универсальный тип
                 тип: 'unknown-type'
     1>z:\документы\visual studio 2010\projects\circle\circle\circle.cpp(30): error C2065: с: необъявленный идентификатор
     1>z:\документы\visual studio 2010\projects\circle\circle\circle.cpp(30): error C2227: выражение слева от "->area" должно указывать на тип класса, структуры или объединения либо на универсальный тип
                 тип: 'unknown-type'
     1>z:\документы\visual studio 2010\projects\circle\circle\circle.cpp(31): error C2065: с: необъявленный идентификатор
     1>z:\документы\visual studio 2010\projects\circle\circle\circle.cpp(31): error C2227: выражение слева от "->radius" должно указывать на тип класса, структуры или объединения либо на универсальный тип
                 тип: 'unknown-type'
     1>z:\документы\visual studio 2010\projects\circle\circle\circle.cpp(32): error C2065: с: необъявленный идентификатор
     1>z:\документы\visual studio 2010\projects\circle\circle\circle.cpp(32): error C2227: выражение слева от "->ference" должно указывать на тип класса, структуры или объединения либо на универсальный тип
                 тип: 'unknown-type'
         Создание кода...
         Компиляция...
         main.cpp
         Создание кода...
     1>Построение проекта "z:\документы\visual studio 2010\Projects\circle\circle\circle.vcxproj" завершено (целевые объекты build) с ошибкой.

СБОЙ построения.

Затраченное время: 00:00:02.04
